<?xml version="1.0" encoding="UTF-8"?>
<testng-results ignored="0" total="1" passed="1" failed="0" skipped="0">
  <reporter-output>
  </reporter-output>
  <suite started-at="2023-10-26T22:25:17 PDT" name="Default suite" finished-at="2023-10-26T22:25:17 PDT" duration-ms="85">
    <groups>
    </groups>
    <test started-at="2023-10-26T22:25:17 PDT" name="Default test" finished-at="2023-10-26T22:25:17 PDT" duration-ms="85">
      <class name="testrunner.NewTest">
        <test-method signature="f()[pri:0, instance:testrunner.NewTest@7c7b252e]" started-at="2023-10-26T22:25:17 PDT" name="f" finished-at="2023-10-26T22:25:17 PDT" duration-ms="18" status="PASS">
          <reporter-output>
          </reporter-output>
        </test-method> <!-- f -->
      </class> <!-- testrunner.NewTest -->
    </test> <!-- Default test -->
  </suite> <!-- Default suite -->
</testng-results>
